# JRE version: OpenJDK Runtime Environment (17.0.11) (build 17.0.11+0--11852314)
# Java VM: OpenJDK 64-Bit Server VM (17.0.11+0--11852314, mixed mode, tiered, compressed oops, compressed class ptrs, g1 gc, windows-amd64)
GC Precious Log:
 CPUs: 12 total, 12 available
 Memory: 7501M
 Large Page Support: Disabled
 NUMA Support: Disabled
 Compressed Oops: Enabled (Zero based)
 Heap Region Size: 4M
 Heap Min Capacity: 8M
 Heap Initial Capacity: 120M
 Heap Max Capacity: 8G
 Pre-touch: Disabled
 Parallel Workers: 10
 Concurrent Workers: 3
 Concurrent Refinement Workers: 10
 Periodic GC: Disabled
Heap:
 garbage-first heap   total 1032192K, used 360677K [0x0000000600000000, 0x0000000800000000)
  region size 4096K, 2 young (8192K), 2 survivors (8192K)
 Metaspace       used 175827K, committed 177984K, reserved 1245184K
  class space    used 23158K, committed 24128K, reserved 1048576K
GC Heap History (20 events):
Event: 2462.629 GC heap after
{Heap after GC invocations=64 (full 0):
 garbage-first heap   total 753664K, used 285887K [0x0000000600000000, 0x0000000800000000)
  region size 4096K, 2 young (8192K), 2 survivors (8192K)
 Metaspace       used 142042K, committed 143552K, reserved 1179648K
  class space    used 19406K, committed 20096K, reserved 1048576K
}
Event: 2463.129 GC heap before
{Heap before GC invocations=64 (full 0):
 garbage-first heap   total 753664K, used 314559K [0x0000000600000000, 0x0000000800000000)
  region size 4096K, 9 young (36864K), 2 survivors (8192K)
 Metaspace       used 142160K, committed 143744K, reserved 1179648K
  class space    used 19428K, committed 20160K, reserved 1048576K
}
Event: 2463.190 GC heap after
{Heap after GC invocations=65 (full 0):
 garbage-first heap   total 753664K, used 284864K [0x0000000600000000, 0x0000000800000000)
  region size 4096K, 1 young (4096K), 1 survivors (4096K)
 Metaspace       used 142160K, committed 143744K, reserved 1179648K
  class space    used 19428K, committed 20160K, reserved 1048576K
}
Event: 2471.749 GC heap before
{Heap before GC invocations=65 (full 0):
 garbage-first heap   total 753664K, used 612544K [0x0000000600000000, 0x0000000800000000)
  region size 4096K, 81 young (331776K), 1 survivors (4096K)
 Metaspace       used 144496K, committed 146240K, reserved 1179648K
  class space    used 19717K, committed 20544K, reserved 1048576K
}
Event: 2471.894 GC heap after
{Heap after GC invocations=66 (full 0):
 garbage-first heap   total 1032192K, used 337618K [0x0000000600000000, 0x0000000800000000)
  region size 4096K, 11 young (45056K), 11 survivors (45056K)
 Metaspace       used 144496K, committed 146240K, reserved 1179648K
  class space    used 19717K, committed 20544K, reserved 1048576K
}
Event: 2556.179 GC heap before
{Heap before GC invocations=67 (full 0):
 garbage-first heap   total 1032192K, used 599762K [0x0000000600000000, 0x0000000800000000)
  region size 4096K, 76 young (311296K), 11 survivors (45056K)
 Metaspace       used 147625K, committed 149504K, reserved 1179648K
  class space    used 20141K, committed 20992K, reserved 1048576K
}
Event: 2556.292 GC heap after
{Heap after GC invocations=68 (full 0):
 garbage-first heap   total 1032192K, used 363542K [0x0000000600000000, 0x0000000800000000)
  region size 4096K, 7 young (28672K), 7 survivors (28672K)
 Metaspace       used 147625K, committed 149504K, reserved 1179648K
  class space    used 20141K, committed 20992K, reserved 1048576K
}
Event: 2558.048 GC heap before
{Heap before GC invocations=68 (full 0):
 garbage-first heap   total 1032192K, used 490518K [0x0000000600000000, 0x0000000800000000)
  region size 4096K, 12 young (49152K), 7 survivors (28672K)
 Metaspace       used 148575K, committed 150592K, reserved 1179648K
  class space    used 20232K, committed 21184K, reserved 1048576K
}
Event: 2558.515 GC heap after
{Heap after GC invocations=69 (full 0):
 garbage-first heap   total 1032192K, used 312626K [0x0000000600000000, 0x0000000800000000)
  region size 4096K, 2 young (8192K), 2 survivors (8192K)
 Metaspace       used 148575K, committed 150592K, reserved 1179648K
  class space    used 20232K, committed 21184K, reserved 1048576K
}
Event: 2572.788 GC heap before
{Heap before GC invocations=69 (full 0):
 garbage-first heap   total 1032192K, used 550194K [0x0000000600000000, 0x0000000800000000)
  region size 4096K, 62 young (253952K), 2 survivors (8192K)
 Metaspace       used 151051K, committed 153088K, reserved 1245184K
  class space    used 20430K, committed 21376K, reserved 1048576K
}
Event: 2573.066 GC heap after
{Heap after GC invocations=70 (full 0):
 garbage-first heap   total 1032192K, used 326009K [0x0000000600000000, 0x0000000800000000)
  region size 4096K, 5 young (20480K), 5 survivors (20480K)
 Metaspace       used 151051K, committed 153088K, reserved 1245184K
  class space    used 20430K, committed 21376K, reserved 1048576K
}
Event: 2577.018 GC heap before
{Heap before GC invocations=71 (full 0):
 garbage-first heap   total 1032192K, used 481657K [0x0000000600000000, 0x0000000800000000)
  region size 4096K, 40 young (163840K), 5 survivors (20480K)
 Metaspace       used 161618K, committed 163712K, reserved 1245184K
  class space    used 21507K, committed 22464K, reserved 1048576K
}
Event: 2577.075 GC heap after
{Heap after GC invocations=72 (full 0):
 garbage-first heap   total 1032192K, used 349732K [0x0000000600000000, 0x0000000800000000)
  region size 4096K, 5 young (20480K), 5 survivors (20480K)
 Metaspace       used 161618K, committed 163712K, reserved 1245184K
  class space    used 21507K, committed 22464K, reserved 1048576K
}
Event: 2577.357 GC heap before
{Heap before GC invocations=72 (full 0):
 garbage-first heap   total 1032192K, used 415268K [0x0000000600000000, 0x0000000800000000)
  region size 4096K, 12 young (49152K), 5 survivors (20480K)
 Metaspace       used 161835K, committed 163904K, reserved 1245184K
  class space    used 21530K, committed 22464K, reserved 1048576K
}
Event: 2577.407 GC heap after
{Heap after GC invocations=73 (full 0):
 garbage-first heap   total 1032192K, used 382751K [0x0000000600000000, 0x0000000800000000)
  region size 4096K, 1 young (4096K), 1 survivors (4096K)
 Metaspace       used 161835K, committed 163904K, reserved 1245184K
  class space    used 21530K, committed 22464K, reserved 1048576K
}
Event: 2577.637 GC heap before
{Heap before GC invocations=73 (full 0):
 garbage-first heap   total 1032192K, used 435999K [0x0000000600000000, 0x0000000800000000)
  region size 4096K, 15 young (61440K), 1 survivors (4096K)
 Metaspace       used 162069K, committed 164160K, reserved 1245184K
  class space    used 21555K, committed 22528K, reserved 1048576K
}
Event: 2577.643 GC heap after
{Heap after GC invocations=74 (full 0):
 garbage-first heap   total 1032192K, used 340145K [0x0000000600000000, 0x0000000800000000)
  region size 4096K, 1 young (4096K), 1 survivors (4096K)
 Metaspace       used 162069K, committed 164160K, reserved 1245184K
  class space    used 21555K, committed 22528K, reserved 1048576K
}
Event: 2585.708 GC heap before
{Heap before GC invocations=75 (full 0):
 garbage-first heap   total 1032192K, used 884913K [0x0000000600000000, 0x0000000800000000)
  region size 4096K, 115 young (471040K), 1 survivors (4096K)
 Metaspace       used 175676K, committed 177856K, reserved 1245184K
  class space    used 23133K, committed 24128K, reserved 1048576K
}
Event: 2585.926 GC heap after
{Heap after GC invocations=76 (full 0):
 garbage-first heap   total 1032192K, used 362164K [0x0000000600000000, 0x0000000800000000)
  region size 4096K, 6 young (24576K), 6 survivors (24576K)
 Metaspace       used 175676K, committed 177856K, reserved 1245184K
  class space    used 23133K, committed 24128K, reserved 1048576K
}
Event: 2586.326 GC heap before
{Heap before GC invocations=76 (full 0):
 garbage-first heap   total 1032192K, used 382644K [0x0000000600000000, 0x0000000800000000)
  region size 4096K, 12 young (49152K), 6 survivors (24576K)
 Metaspace       used 175827K, committed 177984K, reserved 1245184K
  class space    used 23158K, committed 24128K, reserved 1048576K
}

